This is e-pTeX, Version 3.14159265-p3.8.0-180226-2.6 (utf8.euc) (TeX Live 2018) (preloaded format=platex 2019.4.12)  28 JAN 2020 19:40
entering extended mode
 restricted \write18 enabled.
 file:line:error style messages enabled.
 %&-line parsing enabled.
**sotu.tex
(./sotu.tex
pLaTeX2e <2018-04-01>+1 (based on LaTeX2e <2018-04-01> patch level 2)
Babel <3.18> and hyphenation patterns for 84 language(s) loaded.
(/usr/local/texlive/2018/texmf-dist/tex/platex/base/jarticle.cls
Document Class: jarticle 2018/02/04 v1.7h Standard pLaTeX class
\c@@paper=\count83
(/usr/local/texlive/2018/texmf-dist/tex/platex/base/jsize12.clo
File: jsize12.clo 2018/02/04 v1.7h Standard pLaTeX file (size option)
)
\c@part=\count84
\c@section=\count85
\c@subsection=\count86
\c@subsubsection=\count87
\c@paragraph=\count88
\c@subparagraph=\count89
\c@figure=\count90
\c@table=\count91
\abovecaptionskip=\skip41
\belowcaptionskip=\skip42
\symmincho=\mathgroup4
LaTeX Font Info:    Overwriting symbol font `mincho' in version `bold'
(Font)                  JY1/mc/m/n --> JY1/gt/m/n on input line 614.
\toclineskip=\dimen118
\@lnumwidth=\dimen119
\bibindent=\dimen120
\heisei=\count92
)
(/usr/local/texlive/2018/texmf-dist/tex/latex/graphics/graphicx.sty
Package: graphicx 2017/06/01 v1.1a Enhanced LaTeX Graphics (DPC,SPQR)

(/usr/local/texlive/2018/texmf-dist/tex/latex/graphics/keyval.sty
Package: keyval 2014/10/28 v1.15 key=value parser (DPC)
\KV@toks@=\toks15
)
(/usr/local/texlive/2018/texmf-dist/tex/latex/graphics/graphics.sty
Package: graphics 2017/06/25 v1.2c Standard LaTeX Graphics (DPC,SPQR)

(/usr/local/texlive/2018/texmf-dist/tex/latex/graphics/trig.sty
Package: trig 2016/01/03 v1.10 sin cos tan (DPC)
)
(/usr/local/texlive/2018/texmf-dist/tex/latex/graphics-cfg/graphics.cfg
File: graphics.cfg 2016/06/04 v1.11 sample graphics configuration
)
Package graphics Info: Driver file: dvipdfmx.def on input line 99.

(/usr/local/texlive/2018/texmf-dist/tex/latex/graphics-def/dvipdfmx.def
File: dvipdfmx.def 2017/06/24 v5.0g Graphics/color driver for dvipdfmx
))
\Gin@req@height=\dimen121
\Gin@req@width=\dimen122
)
(/usr/local/texlive/2018/texmf-dist/tex/latex/amsfonts/amssymb.sty
Package: amssymb 2013/01/14 v3.01 AMS font symbols

(/usr/local/texlive/2018/texmf-dist/tex/latex/amsfonts/amsfonts.sty
Package: amsfonts 2013/01/14 v3.01 Basic AMSFonts support
\@emptytoks=\toks16
\symAMSa=\mathgroup5
\symAMSb=\mathgroup6
LaTeX Font Info:    Overwriting math alphabet `\mathfrak' in version `bold'
(Font)                  U/euf/m/n --> U/euf/b/n on input line 106.
))
(/usr/local/texlive/2018/texmf-dist/tex/latex/amsmath/amsmath.sty
Package: amsmath 2017/09/02 v2.17a AMS math features
\@mathmargin=\skip43

For additional information on amsmath, use the `?' option.
(/usr/local/texlive/2018/texmf-dist/tex/latex/amsmath/amstext.sty
Package: amstext 2000/06/29 v2.01 AMS text

(/usr/local/texlive/2018/texmf-dist/tex/latex/amsmath/amsgen.sty
File: amsgen.sty 1999/11/30 v2.0 generic functions
\@emptytoks=\toks17
\ex@=\dimen123
))
(/usr/local/texlive/2018/texmf-dist/tex/latex/amsmath/amsbsy.sty
Package: amsbsy 1999/11/29 v1.2d Bold Symbols
\pmbraise@=\dimen124
)
(/usr/local/texlive/2018/texmf-dist/tex/latex/amsmath/amsopn.sty
Package: amsopn 2016/03/08 v2.02 operator names
)
\inf@bad=\count93
LaTeX Info: Redefining \frac on input line 213.
\uproot@=\count94
\leftroot@=\count95
LaTeX Info: Redefining \overline on input line 375.
\classnum@=\count96
\DOTSCASE@=\count97
LaTeX Info: Redefining \ldots on input line 472.
LaTeX Info: Redefining \dots on input line 475.
LaTeX Info: Redefining \cdots on input line 596.
\Mathstrutbox@=\box42
\strutbox@=\box43
\big@size=\dimen125
LaTeX Font Info:    Redeclaring font encoding OML on input line 712.
LaTeX Font Info:    Redeclaring font encoding OMS on input line 713.
\macc@depth=\count98
\c@MaxMatrixCols=\count99
\dotsspace@=\muskip10
\c@parentequation=\count100
\dspbrk@lvl=\count101
\tag@help=\toks18
\row@=\count102
\column@=\count103
\maxfields@=\count104
\andhelp@=\toks19
\eqnshift@=\dimen126
\alignsep@=\dimen127
\tagshift@=\dimen128
\tagwidth@=\dimen129
\totwidth@=\dimen130
\lineht@=\dimen131
\@envbody=\toks20
\multlinegap=\skip44
\multlinetaggap=\skip45
\mathdisplay@stack=\toks21
LaTeX Info: Redefining \[ on input line 2817.
LaTeX Info: Redefining \] on input line 2818.
)
(/usr/local/texlive/2018/texmf-dist/tex/latex/float/float.sty
Package: float 2001/11/08 v1.3d Float enhancements (AL)
\c@float@type=\count105
\float@exts=\toks22
\float@box=\box44
\@float@everytoks=\toks23
\@floatcapt=\box45
)
(/usr/local/texlive/2018/texmf-dist/tex/latex/url/url.sty
\Urlmuskip=\muskip11
Package: url 2013/09/16  ver 3.4  Verb mode for urls, etc.
)
(/usr/local/texlive/2018/texmf-dist/tex/latex/moreverb/moreverb.sty
Package: moreverb 2008/06/03 v2.3a `more' verbatim facilities

(/usr/local/texlive/2018/texmf-dist/tex/latex/tools/verbatim.sty
Package: verbatim 2014/10/28 v1.5q LaTeX2e package for verbatim enhancements
\every@verbatim=\toks24
\verbatim@line=\toks25
\verbatim@in@stream=\read1
)
\tab@position=\count106
\tab@size=\count107
\listing@line=\count108
)
(/usr/local/texlive/2018/texmf-dist/tex/latex/geometry/geometry.sty
Package: geometry 2018/03/24 v5.7 Page Geometry

(/usr/local/texlive/2018/texmf-dist/tex/generic/oberdiek/ifpdf.sty
Package: ifpdf 2017/03/15 v3.2 Provides the ifpdf switch
)
(/usr/local/texlive/2018/texmf-dist/tex/generic/oberdiek/ifvtex.sty
Package: ifvtex 2016/05/16 v1.6 Detect VTeX and its facilities (HO)
Package ifvtex Info: VTeX not detected.
)
(/usr/local/texlive/2018/texmf-dist/tex/generic/ifxetex/ifxetex.sty
Package: ifxetex 2010/09/12 v0.6 Provides ifxetex conditional
)
\Gm@cnth=\count109
\Gm@cntv=\count110
\c@Gm@tempcnt=\count111
\Gm@bindingoffset=\dimen132
\Gm@wd@mp=\dimen133
\Gm@odd@mp=\dimen134
\Gm@even@mp=\dimen135
\Gm@layoutwidth=\dimen136
\Gm@layoutheight=\dimen137
\Gm@layouthoffset=\dimen138
\Gm@layoutvoffset=\dimen139
\Gm@dimlist=\toks26
)
(/usr/local/texlive/2018/texmf-dist/tex/latex/listings/listings.sty
\lst@mode=\count112
\lst@gtempboxa=\box46
\lst@token=\toks27
\lst@length=\count113
\lst@currlwidth=\dimen140
\lst@column=\count114
\lst@pos=\count115
\lst@lostspace=\dimen141
\lst@width=\dimen142
\lst@newlines=\count116
\lst@lineno=\count117
\lst@maxwidth=\dimen143

(/usr/local/texlive/2018/texmf-dist/tex/latex/listings/lstmisc.sty
File: lstmisc.sty 2015/06/04 1.6 (Carsten Heinz)
\c@lstnumber=\count118
\lst@skipnumbers=\count119
\lst@framebox=\box47
)
(/usr/local/texlive/2018/texmf-dist/tex/latex/listings/listings.cfg
File: listings.cfg 2015/06/04 1.6 listings configuration
))
Package: listings 2015/06/04 1.6 (Carsten Heinz)

(./jlisting.sty
Package: jlisting 2006/02/20 0.2 (Thor)
\lst@nextchar=\count120
\lst@inputfile=\read2
)
(/usr/local/texlive/2018/texmf-dist/tex/latex/listings/lstlang1.sty
File: lstlang1.sty 2015/06/04 1.6 listings language file
)
(/usr/local/texlive/2018/texmf-dist/tex/latex/listings/lstmisc.sty
File: lstmisc.sty 2015/06/04 1.6 (Carsten Heinz)
) (./sotu.aux

LaTeX Warning: Label `ren9' multiply defined.

)
\openout1 = `sotu.aux'.

LaTeX Font Info:    Checking defaults for OML/cmm/m/it on input line 29.
LaTeX Font Info:    ... okay on input line 29.
LaTeX Font Info:    Checking defaults for T1/cmr/m/n on input line 29.
LaTeX Font Info:    ... okay on input line 29.
LaTeX Font Info:    Checking defaults for OT1/cmr/m/n on input line 29.
LaTeX Font Info:    ... okay on input line 29.
LaTeX Font Info:    Checking defaults for OMS/cmsy/m/n on input line 29.
LaTeX Font Info:    ... okay on input line 29.
LaTeX Font Info:    Checking defaults for OMX/cmex/m/n on input line 29.
LaTeX Font Info:    ... okay on input line 29.
LaTeX Font Info:    Checking defaults for U/cmr/m/n on input line 29.
LaTeX Font Info:    ... okay on input line 29.
LaTeX Font Info:    Checking defaults for JY1/mc/m/n on input line 29.
LaTeX Font Info:    ... okay on input line 29.
LaTeX Font Info:    Checking defaults for JT1/mc/m/n on input line 29.
LaTeX Font Info:    ... okay on input line 29.

*geometry* driver: auto-detecting
*geometry* detected driver: dvips
*geometry* verbose mode - [ preamble ] result:
* driver: dvips
* paper: a4paper
* layout: <same size as paper>
* layoutoffset:(h,v)=(0.0pt,0.0pt)
* modes: 
* h-part:(L,W,R)=(89.62709pt, 418.25368pt, 89.6271pt)
* v-part:(T,H,B)=(101.40665pt, 591.5302pt, 152.11pt)
* \paperwidth=597.50787pt
* \paperheight=845.04684pt
* \textwidth=418.25368pt
* \textheight=591.5302pt
* \oddsidemargin=17.3571pt
* \evensidemargin=17.3571pt
* \topmargin=-7.86334pt
* \headheight=12.0pt
* \headsep=25.0pt
* \topskip=9.33105pt
* \footskip=30.0pt
* \marginparwidth=60.0pt
* \marginparsep=10.0pt
* \columnsep=23.09317pt
* \skip\footins=10.8pt plus 4.0pt minus 2.0pt
* \hoffset=0.0pt
* \voffset=0.0pt
* \mag=1000
* \@twocolumnfalse
* \@twosidefalse
* \@mparswitchfalse
* \@reversemarginfalse
* (1in=72.27pt=25.4mm, 1cm=28.453pt)

\c@lstlisting=\count121
[1

]
LaTeX Font Info:    Font shape `JT1/mc/bx/n' in size <17.28> not available
(Font)              Font shape `JT1/gt/m/n' tried instead on input line 54.
LaTeX Font Info:    Font shape `JY1/mc/bx/n' in size <17.28> not available
(Font)              Font shape `JY1/gt/m/n' tried instead on input line 54.
 (./sotu.toc
LaTeX Font Info:    Font shape `JT1/mc/bx/n' in size <14.4> not available
(Font)              Font shape `JT1/gt/m/n' tried instead on input line 1.
LaTeX Font Info:    Font shape `JY1/mc/bx/n' in size <14.4> not available
(Font)              Font shape `JY1/gt/m/n' tried instead on input line 1.
LaTeX Font Info:    Try loading font information for U+msa on input line 3.
 (/usr/local/texlive/2018/texmf-dist/tex/latex/amsfonts/umsa.fd
File: umsa.fd 2013/01/14 v3.01 AMS symbols A
)
LaTeX Font Info:    Try loading font information for U+msb on input line 3.
(/usr/local/texlive/2018/texmf-dist/tex/latex/amsfonts/umsb.fd
File: umsb.fd 2013/01/14 v3.01 AMS symbols B
) [1] [2])
\tf@toc=\write3
\openout3 = `sotu.toc'.


[3] (./sotu.lof)
\tf@lof=\write4
\openout4 = `sotu.lof'.

 [1

] [1

]
LaTeX Font Info:    Try loading font information for OMS+cmr on input line 89.

(/usr/local/texlive/2018/texmf-dist/tex/latex/base/omscmr.fd
File: omscmr.fd 2014/09/29 v2.5h Standard LaTeX font definitions
)
LaTeX Font Info:    Font shape `OMS/cmr/m/n' in size <14.4> not available
(Font)              Font shape `OMS/cmsy/m/n' tried instead on input line 89.
LaTeX Font Info:    Font shape `JT1/mc/bx/n' in size <12> not available
(Font)              Font shape `JT1/gt/m/n' tried instead on input line 94.
LaTeX Font Info:    Font shape `JY1/mc/bx/n' in size <12> not available
(Font)              Font shape `JY1/gt/m/n' tried instead on input line 94.
 [2] [3]
File: figure/outline2.png Graphic file (type bmp)
<figure/outline2.png>
 [4]
[5] [6] [7]
File: figure/Dynalist.png Graphic file (type bmp)
<figure/Dynalist.png>
 [8]
File: figure/TEX.png Graphic file (type bmp)
<figure/TEX.png>

Overfull \hbox (8.52753pt too wide) in paragraph at lines 164--165
 [] 
 []

[9] [10]
File: figure/word.png Graphic file (type bmp)
<figure/word.png>
 [11]
File: figure/maindmap.png Graphic file (type bmp)
<figure/maindmap.png>

Overfull \hbox (36.97916pt too wide) in paragraph at lines 192--193
 [] 
 []

[12] [13]
Overfull \hbox (15.31322pt too wide) in paragraph at lines 210--211
[]\OT1/cmr/m/n/14.4 HTML4 \JY1/mc/m/n/14.4 や \OT1/cmr/m/n/14.4 XHTML1.x \JY1/m
c/m/n/14.4 ではマ ークア ッ プの仕様が主だ っ たが ， \OT1/cmr/m/n/14.4 HTML5
 []

[14]
LaTeX Font Info:    Try loading font information for OML+cmr on input line 230.

 (/usr/local/texlive/2018/texmf-dist/tex/latex/base/omlcmr.fd
File: omlcmr.fd 2014/09/29 v2.5h Standard LaTeX font definitions
)
LaTeX Font Info:    Font shape `OML/cmr/m/n' in size <10.95> not available
(Font)              Font shape `OML/cmm/m/it' tried instead on input line 230.
 [15]
LaTeX Font Info:    Font shape `OMS/cmr/m/n' in size <10.95> not available
(Font)              Font shape `OMS/cmsy/m/n' tried instead on input line 239.

[16]
Overfull \hbox (10.27676pt too wide) in paragraph at lines 254--255
\JY1/mc/m/n/14.4 あり， 主に \OT1/cmr/m/n/14.4 Win-dows \JY1/mc/m/n/14.4 アプリ
， \OT1/cmr/m/n/14.4 Mac \JY1/mc/m/n/14.4 アプリ， \OT1/cmr/m/n/14.4 An-droid \
JY1/mc/m/n/14.4 アプリ， \OT1/cmr/m/n/14.4 iPhone(iOS)
 []

[17]
File: figure/PWAgamen.pdf Graphic file (type pdf)
<figure/PWAgamen.pdf>

Overfull \hbox (8.5263pt too wide) in paragraph at lines 264--265
 [] 
 []

[18]

LaTeX Font Warning: Font shape `JT1/mc/m/it' undefined
(Font)              using `JT1/mc/m/n' instead on input line 278.


LaTeX Font Warning: Font shape `JY1/mc/m/it' undefined
(Font)              using `JY1/mc/m/n' instead on input line 278.

[19]
File: figure/11localeST.png Graphic file (type bmp)
<figure/11localeST.png>

Overfull \hbox (36.9793pt too wide) in paragraph at lines 298--299
 [] 
 []

[20]
File: figure/pp01.pdf Graphic file (type pdf)
<figure/pp01.pdf>


LaTeX Warning: `h' float specifier changed to `ht'.

[21] [22] [23]
File: figure/10outline.png Graphic file (type bmp)
<figure/10outline.png>

Overfull \hbox (8.5447pt too wide) in paragraph at lines 352--353
 [] 
 []

[24]
File: figure/00kadai.png Graphic file (type bmp)
<figure/00kadai.png>

Overfull \hbox (8.53941pt too wide) in paragraph at lines 365--366
 [] 
 []

File: figure/01shucho.png Graphic file (type bmp)
<figure/01shucho.png>

Overfull \hbox (8.52884pt too wide) in paragraph at lines 375--376
 [] 
 []

[25]
File: figure/02konkyo.png Graphic file (type bmp)
<figure/02konkyo.png>

Overfull \hbox (8.53311pt too wide) in paragraph at lines 386--387
 [] 
 []

File: figure/03konkuo.png Graphic file (type bmp)
<figure/03konkuo.png>

Overfull \hbox (8.53595pt too wide) in paragraph at lines 394--395
 [] 
 []

[26]
File: figure/04qanda.png Graphic file (type bmp)
<figure/04qanda.png>

Overfull \hbox (8.53706pt too wide) in paragraph at lines 406--407
 [] 
 []

File: figure/05qanda.png Graphic file (type bmp)
<figure/05qanda.png>
[27]
File: figure/06sankou.png Graphic file (type bmp)
<figure/06sankou.png>

Overfull \hbox (8.53932pt too wide) in paragraph at lines 426--427
 [] 
 []

File: figure/07sankou.png Graphic file (type bmp)
<figure/07sankou.png>

Overfull \hbox (8.53595pt too wide) in paragraph at lines 434--435
 [] 
 []

[28]
File: figure/08gamen.png Graphic file (type bmp)
<figure/08gamen.png>
File: figure/17.png Graphic file (type bmp)
<figure/17.png>
 [29] [30]
Underfull \hbox (badness 10000) in paragraph at lines 486--488
\JY1/mc/m/n/14.4 グ\OT1/cmr/m/n/14.4 "\JY1/mc/m/n/14.4 ， $\OT1/cmtt/m/n/14.4 h
ttps : / / ir . library . osaka-[]u . ac . jp / repo / ouka / all /
 []


Underfull \hbox (badness 2707) in paragraph at lines 489--491
[]\JY1/mc/m/n/14.4 早稲田ウ ィ ークリ ー\OT1/cmr/m/n/14.4 :"\JY1/mc/m/n/14.4 ア
カデミ ッ ク ・ ライテ ィ ング力を磨こ
 []


Underfull \hbox (badness 7981) in paragraph at lines 489--491
\JY1/mc/m/n/14.4 う\OT1/cmr/m/n/14.4 ", $\OT1/cmtt/m/n/14.4 https : / / www . w
aseda . jp / inst / weekly / feature / 2014 /
 []


Underfull \hbox (badness 10000) in paragraph at lines 495--496
[]\OT1/cmr/m/n/14.4 Lucidchart:"5 \JY1/mc/m/n/14.4 分でわかる 、 マインドマ ッ 
プの書き方と意
 []


Underfull \hbox (badness 10000) in paragraph at lines 495--496
\JY1/mc/m/n/14.4 味\OT1/cmr/m/n/14.4 ",$\OT1/cmtt/m/n/14.4 https : / / www . lu
cidchart . com / pages / ja / mind-[]map #
 []


Underfull \hbox (badness 10000) in paragraph at lines 497--498
\JY1/mc/m/n/14.4 つの法則 」 \OT1/cmr/m/n/14.4 ",$\OT1/cmtt/m/n/14.4 https : / 
/ www . mindmap-[]school . jp / mindmap /
 []


Underfull \hbox (badness 10000) in paragraph at lines 499--500
[]\JY1/mc/m/n/14.4 デ ィ ーエムソリ ュ ーシ ョ ンズ株式会社\OT1/cmr/m/n/14.4 :"
PWA \JY1/mc/m/n/14.4 とは ？ メリ ッ
 []


Underfull \hbox (badness 7777) in paragraph at lines 499--500
\JY1/mc/m/n/14.4 トと実装例について\OT1/cmr/m/n/14.4 "$\OT1/cmtt/m/n/14.4 https
 : / / digital-[]marketing . jp / seo /
 []

[31] [32]
LaTeX Font Info:    Font shape `JT1/mc/bx/n' in size <10.95> not available
(Font)              Font shape `JT1/gt/m/n' tried instead on input line 512.
LaTeX Font Info:    Font shape `JY1/mc/bx/n' in size <10.95> not available
(Font)              Font shape `JY1/gt/m/n' tried instead on input line 512.
 [33] [34] [35]
LaTeX Font Info:    Font shape `OMS/cmr/m/it' in size <10.95> not available
(Font)              Font shape `OMS/cmsy/m/n' tried instead on input line 514.
 [36] [37] [38] [39] [40] [41] [42] [43] [44] [45]
[46] [47] [48] [49] [50] [51] [52] [53] [54] [55] [56] [57] [58] [59] [60]
[61] [62] [63] [64] [65] [66] [67] [68]
LaTeX Font Info:    Font shape `OML/cmr/m/it' in size <10.95> not available
(Font)              Font shape `OML/cmm/m/it' tried instead on input line 524.
 [69] [70] [71] [72] [73] (./sotu.aux)

LaTeX Font Warning: Some font shapes were not available, defaults substituted.


LaTeX Warning: There were multiply-defined labels.

 ) 
Here is how much of TeX's memory you used:
 4733 strings out of 493281
 60124 string characters out of 6145041
 289778 words of memory out of 5000000
 8579 multiletter control sequences out of 15000+600000
 21544 words of font info for 87 fonts, out of 8000000 for 9000
 929 hyphenation exceptions out of 8191
 28i,5n,49p,743b,1775s stack positions out of 5000i,500n,10000p,200000b,80000s

Output written on sotu.dvi (78 pages, 243024 bytes).
